[2022-03-09T10:49:39.349] [INFO] info - {
  request: {
    method: 'GET',
    url: '/',
    header: {
      host: '127.0.0.1:3000',
      connection: 'keep-alive',
      'cache-control': 'max-age=0',
      'sec-ch-ua': '" Not A;Brand";v="99", "Chromium";v="99", "Google Chrome";v="99"',
      'sec-ch-ua-mobile': '?0',
      'sec-ch-ua-platform': '"macOS"',
      'upgrade-insecure-requests': '1',
      'user-agent': 'Mozilla/5.0 (Macintosh; Intel Mac OS X 10_15_7) AppleWebKit/537.36 (KHTML, like Gecko) Chrome/99.0.4844.51 Safari/537.36',
      accept: 'text/html,application/xhtml+xml,application/xml;q=0.9,image/avif,image/webp,image/apng,*/*;q=0.8,application/signed-exchange;v=b3;q=0.9',
      'sec-fetch-site': 'cross-site',
      'sec-fetch-mode': 'navigate',
      'sec-fetch-user': '?1',
      'sec-fetch-dest': 'document',
      'accept-encoding': 'gzip, deflate, br',
      'accept-language': 'zh-CN,zh;q=0.9'
    }
  },
  response: {
    status: 200,
    message: 'OK',
    header: [Object: null prototype] {
      'content-type': 'text/html; charset=utf-8',
      'content-length': '185'
    }
  },
  app: { subdomainOffset: 2, proxy: false, env: 'development' },
  originalUrl: '/',
  req: '<original node req>',
  res: '<original node res>',
  socket: '<original node socket>'
}
[2022-03-09T10:50:15.598] [INFO] info - undefined
[2022-03-23T22:57:53.012] [INFO] info - ***数据库连接成功***
[2022-03-24T22:48:44.551] [INFO] info - ***数据库连接成功***
[2022-03-24T22:48:53.634] [INFO] info - undefined
[2022-03-24T22:48:55.805] [INFO] info - undefined
[2022-03-24T22:48:55.866] [INFO] info - undefined
[2022-03-24T22:50:48.948] [INFO] info - ***数据库连接成功***
[2022-03-24T22:51:31.052] [INFO] info - ***数据库连接成功***
[2022-03-24T22:51:48.539] [INFO] info - ***数据库连接成功***
[2022-03-24T22:52:21.468] [INFO] info - ***数据库连接成功***
[2022-03-24T22:52:23.778] [INFO] info - ***数据库连接成功***
[2022-03-24T22:53:18.046] [INFO] info - ***数据库连接成功***
[2022-03-24T22:54:08.947] [INFO] info - ***数据库连接成功***
[2022-03-24T22:54:31.330] [INFO] info - ***数据库连接成功***
[2022-03-24T22:54:32.780] [INFO] info - ***数据库连接成功***
[2022-03-24T22:54:39.286] [INFO] info - ***数据库连接成功***
[2022-03-24T22:56:33.946] [INFO] info - ***数据库连接成功***
[2022-03-24T22:56:55.446] [INFO] info - ***数据库连接成功***
[2022-03-24T22:56:59.286] [INFO] info - ***数据库连接成功***
[2022-03-24T22:57:00.188] [INFO] info - ***数据库连接成功***
[2022-03-24T22:57:25.352] [INFO] info - ***数据库连接成功***
[2022-03-24T22:57:43.072] [INFO] info - ***数据库连接成功***
[2022-03-24T22:57:51.083] [INFO] info - ***数据库连接成功***
[2022-03-24T22:58:20.759] [INFO] info - ***数据库连接成功***
[2022-03-24T22:58:53.251] [INFO] info - ***数据库连接成功***
[2022-03-24T22:59:00.357] [INFO] info - ***数据库连接成功***
[2022-03-24T22:59:14.523] [INFO] info - ***数据库连接成功***
[2022-03-24T22:59:17.715] [INFO] info - ***数据库连接成功***
[2022-03-24T22:59:19.030] [INFO] info - ***数据库连接成功***
[2022-03-24T22:59:34.017] [INFO] info - ***数据库连接成功***
[2022-03-24T22:59:46.391] [INFO] info - ***数据库连接成功***
[2022-03-24T23:00:01.309] [INFO] info - ***数据库连接成功***
[2022-03-24T23:00:02.860] [INFO] info - ***数据库连接成功***
[2022-03-24T23:00:20.871] [INFO] info - ***数据库连接成功***
[2022-03-24T23:00:22.775] [INFO] info - ***数据库连接成功***
[2022-03-24T23:01:17.590] [INFO] info - ***数据库连接成功***
[2022-03-24T23:03:09.935] [INFO] info - ***数据库连接成功***
[2022-03-24T23:03:12.284] [INFO] info - ***数据库连接成功***
[2022-03-24T23:03:40.442] [INFO] info - ***数据库连接成功***
[2022-03-24T23:04:29.303] [INFO] info - ***数据库连接成功***
[2022-03-24T23:04:36.593] [INFO] info - ***数据库连接成功***
[2022-03-24T23:06:26.362] [INFO] info - ***数据库连接成功***
[2022-03-24T23:06:35.399] [INFO] info - ***数据库连接成功***
[2022-03-24T23:06:48.044] [INFO] info - ***数据库连接成功***
[2022-03-24T23:06:59.152] [INFO] info - ***数据库连接成功***
[2022-03-24T23:07:00.743] [INFO] info - ***数据库连接成功***
[2022-03-24T23:07:28.783] [INFO] info - ***数据库连接成功***
[2022-03-24T23:07:45.312] [INFO] info - ***数据库连接成功***
[2022-03-24T23:07:48.202] [INFO] info - ***数据库连接成功***
[2022-03-24T23:07:49.989] [INFO] info - ***数据库连接成功***
[2022-03-24T23:09:52.353] [INFO] info - ***数据库连接成功***
[2022-03-24T23:10:59.685] [INFO] info - ***数据库连接成功***
[2022-03-24T23:11:21.407] [INFO] info - ***数据库连接成功***
[2022-03-24T23:11:33.479] [INFO] info - ***数据库连接成功***
[2022-03-24T23:11:49.722] [INFO] info - ***数据库连接成功***
[2022-03-24T23:11:57.762] [INFO] info - ***数据库连接成功***
[2022-03-24T23:12:16.623] [INFO] info - ***数据库连接成功***
[2022-03-24T23:13:49.902] [INFO] info - ***数据库连接成功***
[2022-03-24T23:14:06.779] [INFO] info - ***数据库连接成功***
[2022-03-24T23:14:27.261] [INFO] info - ***数据库连接成功***
[2022-03-24T23:14:38.621] [INFO] info - ***数据库连接成功***
[2022-03-24T23:14:40.750] [INFO] info - ***数据库连接成功***
[2022-03-24T23:14:41.975] [INFO] info - ***数据库连接成功***
[2022-03-24T23:14:52.212] [INFO] info - ***数据库连接成功***
[2022-03-24T23:21:10.236] [INFO] info - undefined
[2022-03-24T23:21:46.729] [INFO] info - undefined
[2022-03-24T23:22:41.319] [INFO] info - undefined
[2022-03-24T23:23:52.727] [INFO] info - undefined
[2022-03-24T23:24:07.495] [INFO] info - undefined
[2022-03-24T23:24:08.592] [INFO] info - undefined
[2022-03-24T23:25:28.888] [INFO] info - undefined
[2022-03-24T23:27:39.045] [INFO] info - undefined
[2022-03-24T23:27:42.160] [INFO] info - undefined
[2022-03-24T23:28:38.465] [INFO] info - undefined
[2022-03-24T23:29:22.881] [INFO] info - undefined
[2022-03-24T23:30:44.999] [INFO] info - undefined
[2022-03-24T23:31:06.916] [INFO] info - ***数据库连接成功***
[2022-03-24T23:31:16.471] [INFO] info - undefined
[2022-03-24T23:31:28.076] [INFO] info - undefined
[2022-03-24T23:31:31.276] [INFO] info - ***数据库连接成功***
[2022-03-24T23:31:33.939] [INFO] info - undefined
[2022-03-24T23:31:40.343] [INFO] info - ***数据库连接成功***
[2022-03-24T23:33:58.835] [INFO] info - undefined
[2022-03-24T23:34:32.617] [INFO] info - undefined
[2022-03-24T23:34:55.852] [INFO] info - undefined
[2022-03-24T23:35:00.964] [INFO] info - undefined
[2022-03-24T23:35:42.784] [INFO] info - undefined
[2022-03-24T23:35:44.573] [INFO] info - undefined
[2022-03-24T23:35:45.387] [INFO] info - undefined
[2022-03-24T23:35:45.708] [INFO] info - undefined
[2022-03-24T23:35:45.899] [INFO] info - undefined
[2022-03-24T23:35:46.119] [INFO] info - undefined
[2022-03-24T23:35:46.281] [INFO] info - undefined
[2022-03-24T23:35:46.480] [INFO] info - undefined
[2022-03-24T23:35:46.723] [INFO] info - undefined
[2022-03-24T23:35:46.948] [INFO] info - undefined
[2022-03-24T23:36:44.756] [INFO] info - ***数据库连接成功***
[2022-03-24T23:37:01.484] [INFO] info - undefined
[2022-03-24T23:37:14.731] [INFO] info - undefined
[2022-03-24T23:37:20.447] [INFO] info - undefined
[2022-03-24T23:37:20.475] [INFO] info - undefined
[2022-03-24T23:37:23.317] [INFO] info - undefined
[2022-03-24T23:37:44.939] [INFO] info - undefined
[2022-03-24T23:37:46.494] [INFO] info - undefined
[2022-03-24T23:37:53.033] [INFO] info - undefined
[2022-03-24T23:37:56.154] [INFO] info - undefined
[2022-03-24T23:37:58.580] [INFO] info - undefined
[2022-03-24T23:38:12.959] [INFO] info - undefined
[2022-03-24T23:39:51.746] [INFO] info - ***数据库连接成功***
[2022-03-24T23:42:48.282] [INFO] info - ***数据库连接成功***
[2022-03-24T23:43:11.657] [INFO] info - ***数据库连接成功***
[2022-03-24T23:43:54.530] [INFO] info - ***数据库连接成功***
[2022-03-24T23:43:59.064] [INFO] info - ***数据库连接成功***
[2022-03-24T23:44:03.324] [INFO] info - ***数据库连接成功***
[2022-03-24T23:47:13.642] [INFO] info - ***数据库连接成功***
[2022-03-24T23:51:03.634] [INFO] info - ***数据库连接成功***
[2022-03-24T23:51:11.180] [INFO] info - ***数据库连接成功***
[2022-03-24T23:52:31.977] [INFO] info - ***数据库连接成功***
[2022-03-25T00:02:15.445] [INFO] info - ***数据库连接成功***
[2022-03-25T00:02:50.271] [INFO] info - ***数据库连接成功***
[2022-03-25T00:02:55.565] [INFO] info - ***数据库连接成功***
[2022-03-25T00:03:14.750] [INFO] info - ***数据库连接成功***
[2022-03-25T00:03:30.428] [INFO] info - ***数据库连接成功***
[2022-03-25T00:04:01.052] [INFO] info - ***数据库连接成功***
[2022-03-25T00:05:25.280] [INFO] info - ***数据库连接成功***
[2022-03-25T10:11:48.863] [INFO] info - ***数据库连接成功***
[2022-03-25T10:27:08.208] [INFO] info - ***数据库连接成功***
[2022-03-25T10:28:30.820] [INFO] info - ***数据库连接成功***
[2022-03-25T10:28:32.780] [INFO] info - ***数据库连接成功***
[2022-03-25T10:48:54.982] [INFO] info - ***数据库连接成功***
[2022-03-25T10:49:37.985] [INFO] info - ***数据库连接成功***
[2022-03-25T10:49:47.040] [INFO] info - ***数据库连接成功***
[2022-03-25T10:50:25.030] [INFO] info - ***数据库连接成功***
[2022-03-25T10:50:33.293] [INFO] info - params : {}
[2022-03-25T10:51:49.828] [INFO] info - ***数据库连接成功***
[2022-03-25T10:51:58.513] [INFO] info - post params : {}
[2022-03-25T10:51:58.514] [INFO] info - get params : {"userName":"admin","userPwd":"123123"}
[2022-03-25T10:52:07.350] [INFO] info - post params : {}
[2022-03-25T10:52:07.350] [INFO] info - get params : {"userName":"admin","userPwd":"123123"}
[2022-03-25T10:52:34.382] [INFO] info - ***数据库连接成功***
[2022-03-27T22:49:14.289] [INFO] info - ***数据库连接成功***
[2022-03-27T22:49:47.116] [INFO] info - get params : {}
[2022-03-27T22:49:47.117] [INFO] info - post params : {}
[2022-03-27T22:49:59.162] [INFO] info - get params : {}
[2022-03-27T22:49:59.163] [INFO] info - post params : {}
[2022-03-27T22:50:52.015] [INFO] info - ***数据库连接成功***
[2022-03-27T22:50:52.337] [INFO] info - ***数据库连接成功***
[2022-03-27T22:50:54.671] [INFO] info - get params : {}
[2022-03-27T22:50:54.672] [INFO] info - post params : {}
[2022-03-27T22:51:05.237] [INFO] info - ***数据库连接成功***
[2022-03-27T22:51:33.506] [INFO] info - ***数据库连接成功***
[2022-03-27T22:51:51.134] [INFO] info - ***数据库连接成功***
[2022-03-27T22:51:51.662] [INFO] info - ***数据库连接成功***
[2022-03-27T22:51:52.831] [INFO] info - ***数据库连接成功***
[2022-03-27T22:51:54.791] [INFO] info - get params : {}
[2022-03-27T22:51:54.791] [INFO] info - post params : {}
[2022-03-27T22:54:48.462] [INFO] info - ***数据库连接成功***
[2022-03-27T22:58:15.393] [INFO] info - ***数据库连接成功***
[2022-03-27T22:58:17.667] [INFO] info - get params : {}
[2022-03-27T22:58:17.667] [INFO] info - post params : {}
[2022-03-27T22:58:19.425] [INFO] info - get params : {}
[2022-03-27T22:58:19.426] [INFO] info - post params : {}
[2022-03-27T22:58:45.979] [INFO] info - ***数据库连接成功***
[2022-03-27T22:58:48.751] [INFO] info - get params : {}
[2022-03-27T22:58:48.751] [INFO] info - post params : {}
[2022-03-27T22:59:25.177] [INFO] info - ***数据库连接成功***
[2022-03-27T22:59:32.964] [INFO] info - get params : {}
[2022-03-27T22:59:32.964] [INFO] info - post params : {}
[2022-03-27T23:00:08.737] [INFO] info - ***数据库连接成功***
[2022-03-27T23:00:14.179] [INFO] info - get params : {}
[2022-03-27T23:00:14.180] [INFO] info - post params : {}
[2022-03-27T23:00:32.262] [INFO] info - ***数据库连接成功***
[2022-03-27T23:00:34.853] [INFO] info - get params : {}
[2022-03-27T23:00:34.854] [INFO] info - post params : {}
[2022-03-27T23:02:27.727] [INFO] info - ***数据库连接成功***
[2022-03-27T23:03:43.526] [INFO] info - ***数据库连接成功***
[2022-03-27T23:04:01.107] [INFO] info - ***数据库连接成功***
[2022-03-27T23:04:27.644] [INFO] info - get params : {}
[2022-03-27T23:04:27.645] [INFO] info - post params : {}
[2022-03-27T23:04:33.984] [INFO] info - get params : {}
[2022-03-27T23:04:33.984] [INFO] info - post params : {}
[2022-03-27T23:04:38.273] [INFO] info - get params : {}
[2022-03-27T23:04:38.274] [INFO] info - post params : {}
[2022-03-27T23:05:01.096] [INFO] info - get params : {}
[2022-03-27T23:05:01.097] [INFO] info - post params : {}
[2022-03-27T23:05:27.079] [INFO] info - ***数据库连接成功***
[2022-03-27T23:05:30.822] [INFO] info - get params : {}
[2022-03-27T23:05:30.822] [INFO] info - post params : {}
[2022-03-27T23:07:08.833] [INFO] info - ***数据库连接成功***
[2022-03-27T23:07:13.708] [INFO] info - ***数据库连接成功***
[2022-03-27T23:07:27.657] [INFO] info - ***数据库连接成功***
[2022-03-27T23:07:30.463] [INFO] info - get params : {}
[2022-03-27T23:07:30.465] [INFO] info - post params : {}
[2022-03-27T23:07:32.430] [INFO] info - get params : {}
[2022-03-27T23:07:32.431] [INFO] info - post params : {}
[2022-03-27T23:07:38.475] [INFO] info - get params : {}
[2022-03-27T23:07:38.475] [INFO] info - post params : {}
[2022-03-27T23:07:56.793] [INFO] info - get params : {}
[2022-03-27T23:07:56.793] [INFO] info - post params : {}
[2022-03-27T23:08:02.049] [INFO] info - get params : {}
[2022-03-27T23:08:02.050] [INFO] info - post params : {}
[2022-03-27T23:09:25.450] [INFO] info - ***数据库连接成功***
[2022-03-27T23:09:34.262] [INFO] info - get params : {}
[2022-03-27T23:09:34.263] [INFO] info - post params : {}
[2022-03-27T23:09:37.578] [INFO] info - get params : {}
[2022-03-27T23:09:37.579] [INFO] info - post params : {}
[2022-03-27T23:09:56.895] [INFO] info - ***数据库连接成功***
[2022-03-27T23:10:01.726] [INFO] info - get params : {}
[2022-03-27T23:10:01.727] [INFO] info - post params : {}
[2022-03-27T23:10:15.066] [INFO] info - get params : {}
[2022-03-27T23:10:15.067] [INFO] info - post params : {}
[2022-03-27T23:10:27.887] [INFO] info - get params : {}
[2022-03-27T23:10:27.887] [INFO] info - post params : {}
[2022-03-27T23:10:32.282] [INFO] info - get params : {}
[2022-03-27T23:10:32.282] [INFO] info - post params : {}
[2022-03-27T23:12:32.219] [INFO] info - ***数据库连接成功***
[2022-03-27T23:12:50.139] [INFO] info - get params : {}
[2022-03-27T23:12:50.139] [INFO] info - post params : {}
[2022-03-27T23:12:52.770] [INFO] info - get params : {}
[2022-03-27T23:12:52.771] [INFO] info - post params : {}
[2022-03-27T23:12:58.699] [INFO] info - ***数据库连接成功***
[2022-03-27T23:13:02.642] [INFO] info - get params : {}
[2022-03-27T23:13:02.643] [INFO] info - post params : {}
[2022-03-27T23:13:03.515] [INFO] info - get params : {}
[2022-03-27T23:13:03.516] [INFO] info - post params : {}
[2022-03-27T23:13:14.082] [INFO] info - ***数据库连接成功***
[2022-03-27T23:13:22.189] [INFO] info - get params : {}
[2022-03-27T23:13:22.189] [INFO] info - post params : {}
[2022-03-27T23:13:23.859] [INFO] info - get params : {}
[2022-03-27T23:13:23.860] [INFO] info - post params : {}
[2022-03-27T23:13:28.024] [INFO] info - get params : {}
[2022-03-27T23:13:28.024] [INFO] info - post params : {}
[2022-03-27T23:13:31.049] [INFO] info - get params : {}
[2022-03-27T23:13:31.050] [INFO] info - post params : {}
[2022-03-27T23:13:40.438] [INFO] info - ***数据库连接成功***
[2022-03-27T23:14:12.205] [INFO] info - ***数据库连接成功***
[2022-03-27T23:14:23.944] [INFO] info - ***数据库连接成功***
[2022-04-04T22:46:48.309] [INFO] info - ***数据库连接成功***
[2022-04-04T22:48:33.828] [INFO] info - ***数据库连接成功***
[2022-04-04T22:49:41.479] [INFO] info - ***数据库连接成功***
[2022-04-04T22:50:20.712] [INFO] info - ***数据库连接成功***
[2022-04-04T22:50:56.704] [INFO] info - ***数据库连接成功***
[2022-04-04T22:51:13.905] [INFO] info - ***数据库连接成功***
[2022-04-04T22:52:30.537] [INFO] info - ***数据库连接成功***
[2022-04-04T22:53:04.734] [INFO] info - ***数据库连接成功***
[2022-04-04T22:53:16.051] [INFO] info - ***数据库连接成功***
[2022-04-04T22:53:29.840] [INFO] info - ***数据库连接成功***
[2022-04-04T22:55:30.603] [INFO] info - ***数据库连接成功***
[2022-04-04T23:11:42.345] [INFO] info - ***数据库连接成功***
[2022-04-04T23:12:47.524] [INFO] info - ***数据库连接成功***
[2022-04-04T23:13:00.033] [INFO] info - ***数据库连接成功***
[2022-04-04T23:13:01.798] [INFO] info - ***数据库连接成功***
[2022-04-04T23:13:03.270] [INFO] info - ***数据库连接成功***
[2022-04-04T23:13:52.092] [INFO] info - get params : {}
[2022-04-04T23:13:52.092] [INFO] info - post params : {}
[2022-04-04T23:13:52.094] [INFO] info - get params : {}
[2022-04-04T23:13:52.094] [INFO] info - post params : {}
[2022-04-04T23:13:54.120] [INFO] info - get params : {}
[2022-04-04T23:13:54.120] [INFO] info - post params : {}
[2022-04-04T23:13:54.120] [INFO] info - get params : {}
[2022-04-04T23:13:54.121] [INFO] info - post params : {}
[2022-04-04T23:14:53.584] [INFO] info - get params : {}
[2022-04-04T23:14:53.584] [INFO] info - post params : {"userName":"admin","userPwd":"123123"}
[2022-04-04T23:14:54.200] [INFO] info - get params : {}
[2022-04-04T23:14:54.201] [INFO] info - post params : {}
[2022-04-04T23:14:54.201] [INFO] info - get params : {}
[2022-04-04T23:14:54.201] [INFO] info - post params : {}
[2022-04-04T23:15:39.683] [INFO] info - ***数据库连接成功***
[2022-04-04T23:15:41.014] [INFO] info - ***数据库连接成功***
[2022-04-04T23:15:41.758] [INFO] info - ***数据库连接成功***
[2022-04-04T23:15:53.883] [INFO] info - get params : {}
[2022-04-04T23:15:53.883] [INFO] info - post params : {"userName":"admin","userPwd":"123123"}
[2022-04-04T23:15:53.972] [INFO] info - get params : {}
[2022-04-04T23:15:53.972] [INFO] info - post params : {}
[2022-04-04T23:15:53.973] [INFO] info - get params : {}
[2022-04-04T23:15:53.973] [INFO] info - post params : {}
[2022-04-04T23:16:39.875] [INFO] info - ***数据库连接成功***
[2022-04-04T23:16:48.120] [INFO] info - get params : {}
[2022-04-04T23:16:48.120] [INFO] info - post params : {"userName":"admin","userPwd":"123123"}
[2022-04-04T23:16:48.212] [INFO] info - get params : {}
[2022-04-04T23:16:48.213] [INFO] info - post params : {}
[2022-04-04T23:16:48.214] [INFO] info - get params : {}
[2022-04-04T23:16:48.214] [INFO] info - post params : {}
[2022-04-04T23:17:50.054] [INFO] info - ***数据库连接成功***
[2022-04-04T23:18:06.878] [INFO] info - get params : {}
[2022-04-04T23:18:06.879] [INFO] info - post params : {"userName":"admin","userPwd":"123123"}
[2022-04-04T23:18:06.963] [INFO] info - get params : {}
[2022-04-04T23:18:06.963] [INFO] info - post params : {}
[2022-04-04T23:18:06.964] [INFO] info - get params : {}
[2022-04-04T23:18:06.964] [INFO] info - post params : {}
[2022-04-04T23:18:31.306] [INFO] info - get params : {}
[2022-04-04T23:18:31.306] [INFO] info - post params : {"userName":"admin","userPwd":"123123"}
[2022-04-04T23:18:31.407] [INFO] info - get params : {}
[2022-04-04T23:18:31.407] [INFO] info - post params : {}
[2022-04-04T23:18:31.408] [INFO] info - get params : {}
[2022-04-04T23:18:31.408] [INFO] info - post params : {}
[2022-04-04T23:20:02.543] [INFO] info - ***数据库连接成功***
[2022-04-04T23:20:13.696] [INFO] info - get params : {}
[2022-04-04T23:20:13.696] [INFO] info - post params : {"userName":"admin","userPwd":"123123"}
[2022-04-04T23:20:13.791] [INFO] info - get params : {}
[2022-04-04T23:20:13.791] [INFO] info - post params : {}
[2022-04-04T23:20:13.791] [INFO] info - get params : {}
[2022-04-04T23:20:13.791] [INFO] info - post params : {}
[2022-04-04T23:29:48.929] [INFO] info - ***数据库连接成功***
[2022-04-04T23:30:00.913] [INFO] info - ***数据库连接成功***
[2022-04-04T23:30:04.491] [INFO] info - get params : {}
[2022-04-04T23:30:04.491] [INFO] info - post params : {}
[2022-04-04T23:30:04.494] [INFO] info - get params : {}
[2022-04-04T23:30:04.494] [INFO] info - post params : {}
[2022-04-04T23:30:18.273] [INFO] info - get params : {}
[2022-04-04T23:30:18.274] [INFO] info - post params : {}
[2022-04-04T23:30:18.277] [INFO] info - get params : {}
[2022-04-04T23:30:18.277] [INFO] info - post params : {}
[2022-04-04T23:30:43.154] [INFO] info - ***数据库连接成功***
[2022-04-04T23:30:45.224] [INFO] info - ***数据库连接成功***
[2022-04-04T23:31:15.909] [INFO] info - ***数据库连接成功***
[2022-04-04T23:31:18.682] [INFO] info - get params : {}
[2022-04-04T23:31:18.683] [INFO] info - post params : {}
[2022-04-04T23:31:18.689] [INFO] info - get params : {}
[2022-04-04T23:31:18.689] [INFO] info - post params : {}
[2022-04-04T23:31:27.509] [INFO] info - ***数据库连接成功***
[2022-04-04T23:31:36.861] [INFO] info - get params : {}
[2022-04-04T23:31:36.862] [INFO] info - post params : {}
[2022-04-04T23:31:36.864] [INFO] info - get params : {}
[2022-04-04T23:31:36.864] [INFO] info - post params : {}
[2022-04-04T23:31:44.376] [INFO] info - get params : {}
[2022-04-04T23:31:44.377] [INFO] info - post params : {"userName":"admin","userPwd":"123123"}
[2022-04-04T23:31:44.474] [INFO] info - get params : {}
[2022-04-04T23:31:44.474] [INFO] info - post params : {}
[2022-04-04T23:31:44.474] [INFO] info - get params : {}
[2022-04-04T23:31:44.475] [INFO] info - post params : {}
[2022-04-05T14:27:15.634] [INFO] info - ***数据库连接成功***
[2022-04-05T14:27:17.489] [INFO] info - ***数据库连接成功***
[2022-04-05T14:30:16.220] [INFO] info - get params : {}
[2022-04-05T14:30:16.221] [INFO] info - post params : {}
[2022-04-05T14:30:16.225] [INFO] info - get params : {}
[2022-04-05T14:30:16.225] [INFO] info - post params : {}
[2022-04-05T14:33:03.795] [INFO] info - ***数据库连接成功***
[2022-04-05T15:44:55.027] [INFO] info - ***数据库连接成功***
[2022-04-05T15:45:00.234] [INFO] info - get params : {}
[2022-04-05T15:45:00.234] [INFO] info - post params : {}
[2022-04-05T15:45:00.239] [INFO] info - get params : {}
[2022-04-05T15:45:00.239] [INFO] info - post params : {}
[2022-04-05T15:45:07.952] [INFO] info - get params : {}
[2022-04-05T15:45:07.952] [INFO] info - post params : {"userName":"admin","userPwd":"123123"}
[2022-04-05T15:45:08.069] [INFO] info - get params : {}
[2022-04-05T15:45:08.069] [INFO] info - post params : {}
[2022-04-05T15:45:08.069] [INFO] info - get params : {}
[2022-04-05T15:45:08.069] [INFO] info - post params : {}
[2022-04-05T15:45:16.795] [INFO] info - get params : {}
[2022-04-05T15:45:16.795] [INFO] info - post params : {}
[2022-04-05T15:45:16.801] [INFO] info - get params : {}
[2022-04-05T15:45:16.801] [INFO] info - post params : {}
[2022-04-05T15:47:40.823] [INFO] info - get params : {}
[2022-04-05T15:47:40.824] [INFO] info - post params : {}
[2022-04-05T15:47:40.824] [INFO] info - get params : {}
[2022-04-05T15:47:40.824] [INFO] info - post params : {}
[2022-04-05T15:50:22.131] [INFO] info - ***数据库连接成功***
[2022-04-05T15:50:50.985] [INFO] info - ***数据库连接成功***
[2022-04-05T15:51:53.674] [INFO] info - ***数据库连接成功***
[2022-04-05T15:52:03.539] [INFO] info - ***数据库连接成功***
[2022-04-05T15:52:14.918] [INFO] info - ***数据库连接成功***
[2022-04-05T15:52:16.875] [INFO] info - ***数据库连接成功***
[2022-04-05T15:54:18.273] [INFO] info - ***数据库连接成功***
[2022-04-05T15:54:47.262] [INFO] info - ***数据库连接成功***
[2022-04-05T15:55:06.002] [INFO] info - ***数据库连接成功***
[2022-04-05T15:55:15.297] [INFO] info - ***数据库连接成功***
[2022-04-05T15:55:33.992] [INFO] info - ***数据库连接成功***
[2022-04-05T15:55:39.273] [INFO] info - ***数据库连接成功***
[2022-04-05T15:57:32.659] [INFO] info - ***数据库连接成功***
[2022-04-05T15:57:44.967] [INFO] info - ***数据库连接成功***
[2022-04-05T15:57:56.072] [INFO] info - ***数据库连接成功***
[2022-04-05T15:58:33.615] [INFO] info - ***数据库连接成功***
[2022-04-05T15:58:50.638] [INFO] info - ***数据库连接成功***
[2022-04-05T15:59:00.164] [INFO] info - get params : {}
[2022-04-05T15:59:00.165] [INFO] info - post params : {"userName":"admin","userPwd":"123123"}
[2022-04-05T15:59:00.253] [INFO] info - get params : {}
[2022-04-05T15:59:00.253] [INFO] info - post params : {}
[2022-04-05T15:59:00.254] [INFO] info - get params : {}
[2022-04-05T15:59:00.255] [INFO] info - post params : {}
[2022-04-05T15:59:35.117] [INFO] info - ***数据库连接成功***
[2022-04-05T15:59:47.308] [INFO] info - get params : {}
[2022-04-05T15:59:47.308] [INFO] info - post params : {}
[2022-04-05T15:59:47.316] [INFO] info - get params : {}
[2022-04-05T15:59:47.316] [INFO] info - post params : {}
[2022-04-05T15:59:55.122] [INFO] info - get params : {}
[2022-04-05T15:59:55.122] [INFO] info - post params : {"userName":"admin","userPwd":"123123"}
[2022-04-05T15:59:55.216] [INFO] info - get params : {}
[2022-04-05T15:59:55.216] [INFO] info - post params : {}
[2022-04-05T15:59:55.216] [INFO] info - get params : {}
[2022-04-05T15:59:55.216] [INFO] info - post params : {}
[2022-04-05T16:00:53.207] [INFO] info - ***数据库连接成功***
[2022-04-05T16:01:41.767] [INFO] info - get params : {}
[2022-04-05T16:01:41.768] [INFO] info - post params : {}
[2022-04-05T16:01:41.776] [INFO] info - get params : {}
[2022-04-05T16:01:41.776] [INFO] info - post params : {}
[2022-04-05T16:02:07.878] [INFO] info - ***数据库连接成功***
[2022-04-05T16:02:10.880] [INFO] info - get params : {}
[2022-04-05T16:02:10.880] [INFO] info - post params : {}
[2022-04-05T16:02:10.883] [INFO] info - get params : {}
[2022-04-05T16:02:10.883] [INFO] info - post params : {}
[2022-04-05T16:04:01.118] [INFO] info - ***数据库连接成功***
[2022-04-05T16:04:03.579] [INFO] info - get params : {}
[2022-04-05T16:04:03.580] [INFO] info - post params : {}
[2022-04-05T16:04:03.591] [INFO] info - get params : {}
[2022-04-05T16:04:03.592] [INFO] info - post params : {}
[2022-04-05T16:04:46.146] [INFO] info - ***数据库连接成功***
[2022-04-05T16:04:56.942] [INFO] info - ***数据库连接成功***
[2022-04-05T16:05:01.270] [INFO] info - ***数据库连接成功***
[2022-04-05T16:05:07.905] [INFO] info - ***数据库连接成功***
[2022-04-05T16:05:11.892] [INFO] info - get params : {}
[2022-04-05T16:05:11.893] [INFO] info - post params : {}
[2022-04-05T16:05:11.903] [INFO] info - get params : {}
[2022-04-05T16:05:11.903] [INFO] info - post params : {}
[2022-04-05T16:05:27.946] [INFO] info - ***数据库连接成功***
[2022-04-05T16:05:31.506] [INFO] info - get params : {}
[2022-04-05T16:05:31.507] [INFO] info - post params : {}
[2022-04-05T16:05:31.510] [INFO] info - get params : {}
[2022-04-05T16:05:31.510] [INFO] info - post params : {}
[2022-04-05T16:05:56.426] [INFO] info - ***数据库连接成功***
[2022-04-05T16:09:20.102] [INFO] info - ***数据库连接成功***
[2022-04-05T16:09:22.434] [INFO] info - get params : {}
[2022-04-05T16:09:22.435] [INFO] info - post params : {}
[2022-04-05T16:09:22.438] [INFO] info - get params : {}
[2022-04-05T16:09:22.439] [INFO] info - post params : {}
[2022-04-05T16:09:49.507] [INFO] info - ***数据库连接成功***
[2022-04-05T16:11:39.090] [INFO] info - ***数据库连接成功***
[2022-04-05T16:12:31.581] [INFO] info - ***数据库连接成功***
[2022-04-05T16:12:50.639] [INFO] info - ***数据库连接成功***
[2022-04-05T16:13:11.982] [INFO] info - ***数据库连接成功***
[2022-04-05T16:13:38.558] [INFO] info - ***数据库连接成功***
[2022-04-05T16:13:45.359] [INFO] info - ***数据库连接成功***
[2022-04-05T16:13:49.207] [INFO] info - ***数据库连接成功***
[2022-04-05T16:13:59.319] [INFO] info - get params : {}
[2022-04-05T16:13:59.324] [INFO] info - post params : {}
[2022-04-05T16:13:59.346] [INFO] info - get params : {}
[2022-04-05T16:13:59.347] [INFO] info - post params : {}
[2022-04-05T16:14:13.728] [INFO] info - ***数据库连接成功***
[2022-04-05T16:14:16.566] [INFO] info - get params : {}
[2022-04-05T16:14:16.567] [INFO] info - post params : {}
[2022-04-05T16:14:16.569] [INFO] info - get params : {}
[2022-04-05T16:14:16.569] [INFO] info - post params : {}
[2022-04-05T16:14:24.634] [INFO] info - get params : {}
[2022-04-05T16:14:24.634] [INFO] info - post params : {}
[2022-04-05T16:14:24.636] [INFO] info - get params : {}
[2022-04-05T16:14:24.637] [INFO] info - post params : {}
[2022-04-05T16:14:33.018] [INFO] info - get params : {}
[2022-04-05T16:14:33.018] [INFO] info - post params : {"userName":"admin","userPwd":"123123"}
[2022-04-05T16:14:33.118] [INFO] info - get params : {}
[2022-04-05T16:14:33.118] [INFO] info - post params : {}
[2022-04-05T16:14:33.120] [INFO] info - get params : {}
[2022-04-05T16:14:33.120] [INFO] info - post params : {}
[2022-04-05T16:19:30.209] [INFO] info - get params : {}
[2022-04-05T16:19:30.210] [INFO] info - post params : {}
[2022-04-05T16:19:30.211] [INFO] info - get params : {}
[2022-04-05T16:19:30.211] [INFO] info - post params : {}
[2022-04-05T16:19:34.284] [INFO] info - get params : {}
[2022-04-05T16:19:34.284] [INFO] info - post params : {}
[2022-04-05T16:19:34.290] [INFO] info - get params : {}
[2022-04-05T16:19:34.290] [INFO] info - post params : {}
[2022-04-05T17:15:53.649] [INFO] info - ***数据库连接成功***
[2022-04-05T17:15:56.392] [INFO] info - ***数据库连接成功***
[2022-04-05T17:23:31.422] [INFO] info - ***数据库连接成功***
[2022-04-05T17:25:07.664] [INFO] info - ***数据库连接成功***
[2022-04-05T17:26:45.330] [INFO] info - ***数据库连接成功***
[2022-04-05T17:26:56.617] [INFO] info - ***数据库连接成功***
[2022-04-05T17:28:30.189] [INFO] info - ***数据库连接成功***
[2022-04-05T17:28:36.826] [INFO] info - ***数据库连接成功***
[2022-04-05T17:28:44.161] [INFO] info - ***数据库连接成功***
[2022-04-05T17:28:46.364] [INFO] info - ***数据库连接成功***
[2022-04-05T17:30:08.707] [INFO] info - get params : {}
[2022-04-05T17:30:08.707] [INFO] info - post params : {}
[2022-04-05T17:30:08.712] [INFO] info - get params : {}
[2022-04-05T17:30:08.712] [INFO] info - post params : {}
[2022-04-05T17:30:11.599] [INFO] info - get params : {}
[2022-04-05T17:30:11.599] [INFO] info - post params : {}
[2022-04-05T17:30:11.600] [INFO] info - get params : {}
[2022-04-05T17:30:11.600] [INFO] info - post params : {}
[2022-04-05T17:30:41.316] [INFO] info - get params : {}
[2022-04-05T17:30:41.317] [INFO] info - post params : {}
[2022-04-05T17:30:41.319] [INFO] info - get params : {}
[2022-04-05T17:30:41.319] [INFO] info - post params : {}
[2022-04-05T17:32:55.577] [INFO] info - ***数据库连接成功***
[2022-04-05T17:33:16.520] [INFO] info - ***数据库连接成功***
[2022-04-05T17:34:16.216] [INFO] info - ***数据库连接成功***
[2022-04-05T17:34:43.702] [INFO] info - ***数据库连接成功***
[2022-04-05T17:35:04.909] [INFO] info - get params : {}
[2022-04-05T17:35:04.909] [INFO] info - post params : {}
[2022-04-05T17:35:04.928] [INFO] info - get params : {}
[2022-04-05T17:35:04.929] [INFO] info - post params : {}
[2022-04-05T19:51:09.916] [INFO] info - get params : {}
[2022-04-05T19:51:09.917] [INFO] info - post params : {}
[2022-04-05T19:51:09.921] [INFO] info - get params : {}
[2022-04-05T19:51:09.921] [INFO] info - post params : {}
[2022-04-05T20:20:28.304] [INFO] info - get params : {}
[2022-04-05T20:20:28.305] [INFO] info - post params : {}
[2022-04-05T20:20:28.307] [INFO] info - get params : {}
[2022-04-05T20:20:28.307] [INFO] info - post params : {}
[2022-04-05T20:53:38.123] [INFO] info - ***数据库连接成功***
[2022-04-05T20:53:41.730] [INFO] info - get params : {}
[2022-04-05T20:53:41.731] [INFO] info - post params : {}
[2022-04-05T20:53:41.740] [INFO] info - get params : {}
[2022-04-05T20:53:41.740] [INFO] info - post params : {}
[2022-04-05T20:54:21.417] [INFO] info - ***数据库连接成功***
[2022-04-05T20:54:24.150] [INFO] info - get params : {}
[2022-04-05T20:54:24.151] [INFO] info - post params : {}
[2022-04-05T20:54:24.155] [INFO] info - get params : {}
[2022-04-05T20:54:24.156] [INFO] info - post params : {}
[2022-04-05T20:56:02.516] [INFO] info - ***数据库连接成功***
[2022-04-05T20:56:18.831] [INFO] info - ***数据库连接成功***
[2022-04-05T20:56:51.111] [INFO] info - ***数据库连接成功***
[2022-04-05T21:01:03.259] [INFO] info - ***数据库连接成功***
[2022-04-05T21:01:05.519] [INFO] info - get params : {}
[2022-04-05T21:01:05.520] [INFO] info - post params : {}
[2022-04-05T21:01:05.529] [INFO] info - get params : {}
[2022-04-05T21:01:05.530] [INFO] info - post params : {}
[2022-04-05T21:25:04.113] [INFO] info - ***数据库连接成功***
[2022-04-05T21:29:36.202] [INFO] info - ***数据库连接成功***
[2022-04-05T21:29:47.445] [INFO] info - get params : {}
[2022-04-05T21:29:47.446] [INFO] info - post params : {}
[2022-04-05T21:29:47.460] [INFO] info - get params : {}
[2022-04-05T21:29:47.460] [INFO] info - post params : {}
[2022-04-05T21:29:48.710] [INFO] info - get params : {}
[2022-04-05T21:29:48.710] [INFO] info - post params : {}
[2022-04-05T21:29:48.712] [INFO] info - get params : {}
[2022-04-05T21:29:48.712] [INFO] info - post params : {}
[2022-04-05T21:29:57.627] [INFO] info - get params : {}
[2022-04-05T21:29:57.627] [INFO] info - post params : {"userName":"admin","userPwd":"123123"}
[2022-04-05T21:30:55.538] [INFO] info - ***数据库连接成功***
[2022-04-05T21:31:05.436] [INFO] info - ***数据库连接成功***
[2022-04-05T21:32:26.427] [INFO] info - ***数据库连接成功***
[2022-04-05T21:33:21.198] [INFO] info - ***数据库连接成功***
[2022-04-05T21:34:20.408] [INFO] info - ***数据库连接成功***
[2022-04-05T21:34:47.212] [INFO] info - ***数据库连接成功***
[2022-04-05T21:36:21.608] [INFO] info - ***数据库连接成功***
[2022-04-05T21:36:32.170] [INFO] info - ***数据库连接成功***
[2022-04-05T21:41:56.618] [INFO] info - ***数据库连接成功***
[2022-04-05T21:42:34.765] [INFO] info - get params : {}
[2022-04-05T21:42:34.766] [INFO] info - post params : {"userName":"admin","userPwd":"123123"}
[2022-04-05T21:42:34.893] [INFO] info - get params : {}
[2022-04-05T21:42:34.894] [INFO] info - post params : {}
[2022-04-05T21:42:34.894] [INFO] info - get params : {}
[2022-04-05T21:42:34.894] [INFO] info - post params : {}
[2022-04-05T21:45:20.418] [INFO] info - ***数据库连接成功***
[2022-04-05T21:45:27.638] [INFO] info - get params : {}
[2022-04-05T21:45:27.639] [INFO] info - post params : {}
[2022-04-05T21:45:27.642] [INFO] info - get params : {}
[2022-04-05T21:45:27.643] [INFO] info - post params : {}
[2022-04-05T21:45:32.954] [INFO] info - get params : {}
[2022-04-05T21:45:32.954] [INFO] info - post params : {"userName":"admin","userPwd":"123123"}
[2022-04-05T21:45:33.066] [INFO] info - get params : {}
[2022-04-05T21:45:33.066] [INFO] info - post params : {}
[2022-04-05T21:45:33.067] [INFO] info - get params : {}
[2022-04-05T21:45:33.067] [INFO] info - post params : {}
[2022-04-05T21:47:10.993] [INFO] info - get params : {}
[2022-04-05T21:47:10.993] [INFO] info - post params : {}
[2022-04-05T21:47:10.993] [INFO] info - get params : {}
[2022-04-05T21:47:10.993] [INFO] info - post params : {}
[2022-04-05T21:47:29.254] [INFO] info - get params : {}
[2022-04-05T21:47:29.254] [INFO] info - post params : {}
[2022-04-05T21:47:29.254] [INFO] info - get params : {}
[2022-04-05T21:47:29.254] [INFO] info - post params : {}
[2022-04-05T21:47:59.522] [INFO] info - get params : {}
[2022-04-05T21:47:59.522] [INFO] info - post params : {"userName":"admin","userPwd":"123123"}
[2022-04-05T21:47:59.637] [INFO] info - get params : {}
[2022-04-05T21:47:59.638] [INFO] info - post params : {}
[2022-04-05T21:47:59.639] [INFO] info - get params : {}
[2022-04-05T21:47:59.639] [INFO] info - post params : {}
[2022-04-05T21:48:10.989] [INFO] info - ***数据库连接成功***
[2022-04-05T21:48:16.835] [INFO] info - get params : {}
[2022-04-05T21:48:16.835] [INFO] info - post params : {"userName":"admin","userPwd":"123123"}
[2022-04-05T21:48:16.967] [INFO] info - get params : {}
[2022-04-05T21:48:16.968] [INFO] info - post params : {}
[2022-04-05T21:48:16.969] [INFO] info - get params : {}
[2022-04-05T21:48:16.969] [INFO] info - post params : {}
[2022-04-05T21:51:30.983] [INFO] info - ***数据库连接成功***
[2022-04-05T21:53:56.437] [INFO] info - ***数据库连接成功***
[2022-04-05T21:54:50.797] [INFO] info - get params : {}
[2022-04-05T21:54:50.797] [INFO] info - post params : {"userName":"admin","userPwd":"123123"}
[2022-04-05T21:54:50.917] [INFO] info - get params : {}
[2022-04-05T21:54:50.917] [INFO] info - post params : {}
[2022-04-05T21:54:50.921] [INFO] info - get params : {}
[2022-04-05T21:54:50.921] [INFO] info - post params : {}
[2022-04-05T21:56:17.639] [INFO] info - ***数据库连接成功***
[2022-04-05T21:56:19.590] [INFO] info - get params : {}
[2022-04-05T21:56:19.590] [INFO] info - post params : {}
[2022-04-05T21:56:19.607] [INFO] info - get params : {}
[2022-04-05T21:56:19.608] [INFO] info - post params : {}
[2022-04-05T21:56:24.074] [INFO] info - get params : {}
[2022-04-05T21:56:24.075] [INFO] info - post params : {"userName":"admin","userPwd":"123123"}
[2022-04-05T21:56:24.189] [INFO] info - get params : {}
[2022-04-05T21:56:24.190] [INFO] info - post params : {}
[2022-04-05T21:56:24.191] [INFO] info - get params : {}
[2022-04-05T21:56:24.191] [INFO] info - post params : {}
[2022-04-05T21:56:52.687] [INFO] info - get params : {}
[2022-04-05T21:56:52.688] [INFO] info - post params : {"userName":"admin","userPwd":"123123"}
[2022-04-05T21:57:14.324] [INFO] info - get params : {}
[2022-04-05T21:57:14.325] [INFO] info - post params : {"userName":"admin","userPwd":"123123"}
[2022-04-05T21:57:23.749] [INFO] info - ***数据库连接成功***
[2022-04-05T21:57:34.744] [INFO] info - get params : {}
[2022-04-05T21:57:34.744] [INFO] info - post params : {"userName":"admin","userPwd":"123123"}
[2022-04-05T21:57:34.879] [INFO] info - get params : {}
[2022-04-05T21:57:34.879] [INFO] info - post params : {}
[2022-04-05T21:57:34.881] [INFO] info - get params : {}
[2022-04-05T21:57:34.881] [INFO] info - post params : {}
[2022-04-05T21:57:36.291] [INFO] info - get params : {}
[2022-04-05T21:57:36.292] [INFO] info - post params : {}
[2022-04-05T21:57:36.294] [INFO] info - get params : {}
[2022-04-05T21:57:36.294] [INFO] info - post params : {}
[2022-04-05T21:57:38.300] [INFO] info - get params : {}
[2022-04-05T21:57:38.300] [INFO] info - post params : {}
[2022-04-05T21:57:38.301] [INFO] info - get params : {}
[2022-04-05T21:57:38.302] [INFO] info - post params : {}
[2022-04-05T22:01:13.271] [INFO] info - ***数据库连接成功***
[2022-04-05T22:01:16.337] [INFO] info - ***数据库连接成功***
[2022-04-05T22:01:17.386] [INFO] info - get params : {}
[2022-04-05T22:01:17.386] [INFO] info - post params : {}
[2022-04-05T22:01:17.394] [INFO] info - get params : {}
[2022-04-05T22:01:17.395] [INFO] info - post params : {}
[2022-04-05T22:01:41.141] [INFO] info - get params : {}
[2022-04-05T22:01:41.141] [INFO] info - post params : {"userName":"admin","userPwd":"123123"}
[2022-04-05T22:01:41.228] [INFO] info - get params : {}
[2022-04-05T22:01:41.228] [INFO] info - post params : {}
[2022-04-05T22:01:41.230] [INFO] info - get params : {}
[2022-04-05T22:01:41.230] [INFO] info - post params : {}
[2022-04-05T22:01:55.958] [INFO] info - ***数据库连接成功***
[2022-04-05T22:02:27.558] [INFO] info - ***数据库连接成功***
[2022-04-05T22:02:28.609] [INFO] info - get params : {}
[2022-04-05T22:02:28.609] [INFO] info - post params : {}
[2022-04-05T22:02:28.613] [INFO] info - get params : {}
[2022-04-05T22:02:28.613] [INFO] info - post params : {}
[2022-04-05T22:02:33.460] [INFO] info - get params : {}
[2022-04-05T22:02:33.460] [INFO] info - post params : {"userName":"admin","userPwd":"123123"}
[2022-04-05T22:02:33.543] [INFO] info - get params : {}
[2022-04-05T22:02:33.543] [INFO] info - post params : {}
[2022-04-05T22:02:33.544] [INFO] info - get params : {}
[2022-04-05T22:02:33.545] [INFO] info - post params : {}
[2022-04-05T22:06:53.377] [INFO] info - ***数据库连接成功***
[2022-04-05T22:06:56.961] [INFO] info - get params : {}
[2022-04-05T22:06:56.961] [INFO] info - post params : {}
[2022-04-05T22:06:56.970] [INFO] info - get params : {}
[2022-04-05T22:06:56.971] [INFO] info - post params : {}
[2022-04-05T22:07:01.122] [INFO] info - get params : {}
[2022-04-05T22:07:01.122] [INFO] info - post params : {"userName":"admin","userPwd":"123123"}
[2022-04-05T22:07:01.185] [INFO] info - get params : {}
[2022-04-05T22:07:01.185] [INFO] info - post params : {}
[2022-04-05T22:07:01.187] [INFO] info - get params : {}
[2022-04-05T22:07:01.187] [INFO] info - post params : {}
[2022-04-05T22:14:12.418] [INFO] info - get params : {}
[2022-04-05T22:14:12.419] [INFO] info - post params : {}
[2022-04-05T22:14:12.420] [INFO] info - get params : {}
[2022-04-05T22:14:12.421] [INFO] info - post params : {}
[2022-04-05T22:14:34.630] [INFO] info - get params : {}
[2022-04-05T22:14:34.631] [INFO] info - post params : {}
[2022-04-05T22:14:34.632] [INFO] info - get params : {}
[2022-04-05T22:14:34.633] [INFO] info - post params : {}
[2022-04-05T22:15:15.202] [INFO] info - get params : {}
[2022-04-05T22:15:15.203] [INFO] info - post params : {}
[2022-04-05T22:15:15.206] [INFO] info - get params : {}
[2022-04-05T22:15:15.206] [INFO] info - post params : {}
[2022-04-05T22:15:18.435] [INFO] info - get params : {}
[2022-04-05T22:15:18.436] [INFO] info - post params : {}
[2022-04-05T22:15:18.437] [INFO] info - get params : {}
[2022-04-05T22:15:18.437] [INFO] info - post params : {}
[2022-04-05T22:17:06.889] [INFO] info - get params : {}
[2022-04-05T22:17:06.889] [INFO] info - post params : {"userName":"admin","userPwd":"123123"}
[2022-04-05T22:17:06.978] [INFO] info - get params : {}
[2022-04-05T22:17:06.978] [INFO] info - post params : {}
[2022-04-05T22:17:06.980] [INFO] info - get params : {}
[2022-04-05T22:17:06.980] [INFO] info - post params : {}
